0 info it worked if it ends with ok
1 verbose cli [ 'node', '/usr/local/bin/npm', 'run', 'tessel-test' ]
2 info using npm@1.3.25
3 info using node@v0.10.18
4 verbose run-script [ 'pretessel-test', 'tessel-test', 'posttessel-test' ]
5 info pretessel-test runtime@0.1.0
6 info tessel-test runtime@0.1.0
7 verbose unsafe-perm in lifecycle true
8 info runtime@0.1.0 Failed to exec tessel-test script
9 error runtime@0.1.0 tessel-test: `tap -e 'tessel-node -q' test/*.js`
9 error Exit status 7
10 error Failed at the runtime@0.1.0 tessel-test script.
10 error This is most likely a problem with the runtime package,
10 error not with npm itself.
10 error Tell the author that this fails on your system:
10 error     tap -e 'tessel-node -q' test/*.js
10 error You can get their info via:
10 error     npm owner ls runtime
10 error There is likely additional logging output above.
11 error System Darwin 13.0.0
12 error command "node" "/usr/local/bin/npm" "run" "tessel-test"
13 error cwd /Users/tim/Code/technical/workspace/firmware/deps/runtime
14 error node -v v0.10.18
15 error npm -v 1.3.25
16 error code ELIFECYCLE
17 verbose exit [ 1, true ]
